<?xml version="1.0" encoding="UTF-8"?>
<!-- Generated by org.testng.reporters.JUnitReportReporter -->
<testsuite hostname="MacBook-Pro-Aleksey.local" name="bsu.tat.release.LogOutTest" tests="1" failures="0" timestamp="5 Dec 2016 14:48:31 GMT" time="1.380" errors="0">
  <testcase name="UserLogOutTest" time="1.380" classname="bsu.tat.release.LogOutTest"/>
</testsuite> <!-- bsu.tat.release.LogOutTest -->
