<?xml version="1.0" encoding="UTF-8"?>
<!-- Generated by org.testng.reporters.JUnitReportReporter -->
<testsuite hostname="MacBook-Pro-Aleksey.local" name="bsu.tat.release.LogInTest" tests="1" failures="0" timestamp="5 Dec 2016 14:48:31 GMT" time="2.898" errors="0">
  <testcase name="UserLogInTest" time="2.898" classname="bsu.tat.release.LogInTest"/>
</testsuite> <!-- bsu.tat.release.LogInTest -->
