<?xml version="1.0" encoding="UTF-8"?>
<!-- Generated by org.testng.reporters.JUnitReportReporter -->
<testsuite hostname="MacBook-Pro-Aleksey.local" name="bsu.tat.release.MainPageTest" tests="4" failures="0" timestamp="5 Dec 2016 14:48:31 GMT" time="9.301" errors="0">
  <testcase name="seleniumTest" time="1.557" classname="bsu.tat.release.MainPageTest"/>
  <testcase name="PostContentTest" time="2.604" classname="bsu.tat.release.MainPageTest"/>
  <testcase name="SiteDescription" time="2.475" classname="bsu.tat.release.MainPageTest"/>
  <testcase name="HelloWorldTest" time="2.665" classname="bsu.tat.release.MainPageTest"/>
</testsuite> <!-- bsu.tat.release.MainPageTest -->
